TN:
SF:C:\Users\anges\Desktop\AnimateBar\ProgressBarApp\src\polyfills.ts
FNF:0
FNH:0
LF:0
LH:0
BRF:0
BRH:0
end_of_record
TN:
SF:C:\Users\anges\Desktop\AnimateBar\ProgressBarApp\src\test.ts
FNF:0
FNH:0
DA:13,1
DA:18,1
DA:20,1
LF:3
LH:3
BRF:0
BRH:0
end_of_record
TN:
SF:C:\Users\anges\Desktop\AnimateBar\ProgressBarApp\src\app\app-routing.module.ts
FNF:0
FNH:0
DA:6,1
DA:14,1
LF:2
LH:2
BRF:0
BRH:0
end_of_record
TN:
SF:C:\Users\anges\Desktop\AnimateBar\ProgressBarApp\src\app\app.component.ts
FN:3,(anonymous_0)
FNF:1
FNH:1
FNDA:4,(anonymous_0)
DA:8,1
DA:9,4
LF:2
LH:2
BRF:0
BRH:0
end_of_record
TN:
SF:C:\Users\anges\Desktop\AnimateBar\ProgressBarApp\src\app\class\progress-bar-page.ts
FNF:0
FNH:0
LF:0
LH:0
BRF:0
BRH:0
end_of_record
TN:
SF:C:\Users\anges\Desktop\AnimateBar\ProgressBarApp\src\app\progress-page\progress-page.component.ts
FN:15,(anonymous_0)
FN:26,(anonymous_1)
FN:30,(anonymous_2)
FN:31,(anonymous_3)
FN:38,(anonymous_4)
FN:41,(anonymous_5)
FNF:6
FNH:6
FNDA:5,(anonymous_0)
FNDA:5,(anonymous_1)
FNDA:5,(anonymous_2)
FNDA:1,(anonymous_3)
FNDA:3,(anonymous_4)
FNDA:9,(anonymous_5)
DA:10,1
DA:16,5
DA:18,5
DA:19,5
DA:27,5
DA:31,5
DA:32,1
DA:33,1
DA:34,1
DA:39,3
DA:40,3
DA:41,3
DA:42,9
LF:13
LH:13
BRDA:42,0,0,2
BRDA:42,0,1,7
BRDA:42,1,0,1
BRDA:42,1,1,1
BRF:4
BRH:4
end_of_record
TN:
SF:C:\Users\anges\Desktop\AnimateBar\ProgressBarApp\src\app\services\progress-http.service.ts
FN:14,(anonymous_0)
FN:23,(anonymous_1)
FN:30,(anonymous_2)
FNF:3
FNH:3
FNDA:9,(anonymous_0)
FNDA:5,(anonymous_1)
FNDA:1,(anonymous_2)
DA:10,1
DA:12,9
DA:14,9
DA:17,9
DA:24,5
DA:31,1
DA:32,1
DA:33,0
DA:35,1
DA:37,1
DA:38,1
LF:11
LH:10
BRDA:32,0,0,0
BRDA:32,0,1,1
BRF:2
BRH:1
end_of_record
